<?xml version="1.0" encoding="UTF-8"?>
<!-- Generated by org.testng.reporters.JUnitXMLReporter -->
<testsuite ignored="0" hostname="saurabhsingh" failures="0" tests="4" name="Default test" time="0.034" errors="0" timestamp="2025-03-03T01:03:52 IST">
  <testcase classname="algocrate.utils.TopMTestNG" name="@BeforeClass setup" time="0.006">
    <failure type="java.lang.IllegalArgumentException" message="Invalid date format. Expected MM/DD/YYYY">
      <![CDATA[java.lang.IllegalArgumentException: Invalid date format. Expected MM/DD/YYYY
at algocrate.dataStructures.Date.<init>(Date.java:34)
at algocrate.dataStructures.Transaction.<init>(Transaction.java:33)
at algocrate.utils.TopMTestNG.setup(TopMTestNG.java:39)
at java.base/jdk.internal.reflect.DirectMethodHandleAccessor.invoke(DirectMethodHandleAccessor.java:103)
at java.base/java.lang.reflect.Method.invoke(Method.java:580)
at org.testng.internal.MethodInvocationHelper.invokeMethod(MethodInvocationHelper.java:133)
at org.testng.internal.MethodInvocationHelper.invokeMethodConsideringTimeout(MethodInvocationHelper.java:62)
at org.testng.internal.ConfigInvoker.invokeConfigurationMethod(ConfigInvoker.java:385)
at org.testng.internal.ConfigInvoker.invokeConfigurations(ConfigInvoker.java:321)
at org.testng.internal.TestMethodWorker.invokeBeforeClassMethods(TestMethodWorker.java:176)
at org.testng.internal.TestMethodWorker.run(TestMethodWorker.java:122)
at java.base/java.util.ArrayList.forEach(ArrayList.java:1596)
at org.testng.TestRunner.privateRun(TestRunner.java:794)
at org.testng.TestRunner.run(TestRunner.java:596)
at org.testng.SuiteRunner.runTest(SuiteRunner.java:377)
at org.testng.SuiteRunner.runSequentially(SuiteRunner.java:371)
at org.testng.SuiteRunner.privateRun(SuiteRunner.java:332)
at org.testng.SuiteRunner.run(SuiteRunner.java:276)
at org.testng.SuiteRunnerWorker.runSuite(SuiteRunnerWorker.java:53)
at org.testng.SuiteRunnerWorker.run(SuiteRunnerWorker.java:96)
at org.testng.TestNG.runSuitesSequentially(TestNG.java:1212)
at org.testng.TestNG.runSuitesLocally(TestNG.java:1134)
at org.testng.TestNG.runSuites(TestNG.java:1063)
at org.testng.TestNG.run(TestNG.java:1031)
at org.testng.remote.AbstractRemoteTestNG.run(AbstractRemoteTestNG.java:115)
at org.testng.remote.RemoteTestNG.initAndRun(RemoteTestNG.java:293)
at org.testng.remote.RemoteTestNG.main(RemoteTestNG.java:91)
]]>
    </failure>
  </testcase> <!-- @BeforeClass setup -->
  <testcase classname="algocrate.utils.TopMTestNG" name="printTopTransactions" time="0.0">
    <skipped/>
  </testcase> <!-- printTopTransactions -->
  <testcase classname="algocrate.utils.TopMTestNG" name="testPriorityQueueOrdering" time="0.0">
    <skipped/>
  </testcase> <!-- testPriorityQueueOrdering -->
  <testcase classname="algocrate.utils.TopMTestNG" name="testTopMSize" time="0.0">
    <skipped/>
  </testcase> <!-- testTopMSize -->
  <testcase classname="algocrate.utils.TopMTestNG" name="testTransactionsPresence" time="0.0">
    <skipped/>
  </testcase> <!-- testTransactionsPresence -->
</testsuite> <!-- Default test -->
