<?xml version="1.0" encoding="UTF-8"?>
<!-- Generated by org.testng.reporters.JUnitXMLReporter -->
<testsuite ignored="0" hostname="saurabhsingh" failures="0" tests="10" name="Default test" time="0.036" errors="0" timestamp="2025-02-28T01:24:25 IST">
  <testcase classname="algocrate.dataStructures.DateTest" name="testComparison" time="0.007"/>
  <testcase classname="algocrate.dataStructures.DateTest" name="testEquals" time="0.001"/>
  <testcase classname="algocrate.dataStructures.DateTest" name="testHashCode" time="0.001"/>
  <testcase classname="algocrate.dataStructures.DateTest" name="testInvalidDateConstructor" time="0.001"/>
  <testcase classname="algocrate.dataStructures.DateTest" name="testInvalidDateStringFormat" time="0.001"/>
  <testcase classname="algocrate.dataStructures.DateTest" name="testInvalidMonth" time="0.0"/>
  <testcase classname="algocrate.dataStructures.DateTest" name="testLeapYearNextDay" time="0.003"/>
  <testcase classname="algocrate.dataStructures.DateTest" name="testNextDate" time="0.0"/>
  <testcase classname="algocrate.dataStructures.DateTest" name="testToStringFormat" time="0.0"/>
  <testcase classname="algocrate.dataStructures.DateTest" name="testValidDateConstructor" time="0.001"/>
</testsuite> <!-- Default test -->
