<?xml version="1.0" encoding="UTF-8"?>
<testng-results ignored="0" total="8" passed="8" failed="0" skipped="0">
  <reporter-output>
  </reporter-output>
  <suite started-at="2025-02-28T05:12:51 IST" name="Default suite" finished-at="2025-02-28T05:12:51 IST" duration-ms="34">
    <groups>
    </groups>
    <test started-at="2025-02-28T05:12:51 IST" name="Default test" finished-at="2025-02-28T05:12:51 IST" duration-ms="34">
      <class name="algocrate.dataStructures.StackTest">
        <test-method signature="testGenericTypes()[pri:0, instance:algocrate.dataStructures.StackTest@649bec2e]" started-at="2025-02-28T05:12:51 IST" name="testGenericTypes" finished-at="2025-02-28T05:12:51 IST" duration-ms="7" status="PASS">
          <reporter-output>
          </reporter-output>
        </test-method> <!-- testGenericTypes -->
        <test-method signature="testIsEmpty()[pri:0, instance:algocrate.dataStructures.StackTest@649bec2e]" started-at="2025-02-28T05:12:51 IST" name="testIsEmpty" finished-at="2025-02-28T05:12:51 IST" duration-ms="1" status="PASS">
          <reporter-output>
          </reporter-output>
        </test-method> <!-- testIsEmpty -->
        <test-method signature="testIterator()[pri:0, instance:algocrate.dataStructures.StackTest@649bec2e]" started-at="2025-02-28T05:12:51 IST" name="testIterator" finished-at="2025-02-28T05:12:51 IST" duration-ms="1" status="PASS">
          <reporter-output>
          </reporter-output>
        </test-method> <!-- testIterator -->
        <test-method signature="testPeek()[pri:0, instance:algocrate.dataStructures.StackTest@649bec2e]" started-at="2025-02-28T05:12:51 IST" name="testPeek" finished-at="2025-02-28T05:12:51 IST" duration-ms="1" status="PASS">
          <reporter-output>
          </reporter-output>
        </test-method> <!-- testPeek -->
        <test-method signature="testPopEmptyStack()[pri:0, instance:algocrate.dataStructures.StackTest@649bec2e]" started-at="2025-02-28T05:12:51 IST" name="testPopEmptyStack" finished-at="2025-02-28T05:12:51 IST" duration-ms="1" status="PASS">
          <exception class="java.util.NoSuchElementException">
            <message>
              <![CDATA[Stack Underflow]]>
            </message>
            <full-stacktrace>
              <![CDATA[java.util.NoSuchElementException: Stack Underflow
at algocrate.dataStructures.Stack.pop(Stack.java:52)
at algocrate.dataStructures.StackTest.testPopEmptyStack(StackTest.java:25)
at java.base/jdk.internal.reflect.DirectMethodHandleAccessor.invoke(DirectMethodHandleAccessor.java:103)
at java.base/java.lang.reflect.Method.invoke(Method.java:580)
at org.testng.internal.MethodInvocationHelper.invokeMethod(MethodInvocationHelper.java:133)
at org.testng.internal.TestInvoker.invokeMethod(TestInvoker.java:598)
at org.testng.internal.TestInvoker.invokeTestMethod(TestInvoker.java:173)
at org.testng.internal.MethodRunner.runInSequence(MethodRunner.java:46)
at org.testng.internal.TestInvoker$MethodInvocationAgent.invoke(TestInvoker.java:824)
at org.testng.internal.TestInvoker.invokeTestMethods(TestInvoker.java:146)
at org.testng.internal.TestMethodWorker.invokeTestMethods(TestMethodWorker.java:146)
at org.testng.internal.TestMethodWorker.run(TestMethodWorker.java:128)
at java.base/java.util.ArrayList.forEach(ArrayList.java:1596)
at org.testng.TestRunner.privateRun(TestRunner.java:794)
at org.testng.TestRunner.run(TestRunner.java:596)
at org.testng.SuiteRunner.runTest(SuiteRunner.java:377)
at org.testng.SuiteRunner.runSequentially(SuiteRunner.java:371)
at org.testng.SuiteRunner.privateRun(SuiteRunner.java:332)
at org.testng.SuiteRunner.run(SuiteRunner.java:276)
at org.testng.SuiteRunnerWorker.runSuite(SuiteRunnerWorker.java:53)
at org.testng.SuiteRunnerWorker.run(SuiteRunnerWorker.java:96)
at org.testng.TestNG.runSuitesSequentially(TestNG.java:1212)
at org.testng.TestNG.runSuitesLocally(TestNG.java:1134)
at org.testng.TestNG.runSuites(TestNG.java:1063)
at org.testng.TestNG.run(TestNG.java:1031)
at org.testng.remote.AbstractRemoteTestNG.run(AbstractRemoteTestNG.java:115)
at org.testng.remote.RemoteTestNG.initAndRun(RemoteTestNG.java:293)
at org.testng.remote.RemoteTestNG.main(RemoteTestNG.java:91)
]]>
            </full-stacktrace>
          </exception> <!-- java.util.NoSuchElementException -->
          <reporter-output>
          </reporter-output>
        </test-method> <!-- testPopEmptyStack -->
        <test-method signature="testPushAndPop()[pri:0, instance:algocrate.dataStructures.StackTest@649bec2e]" started-at="2025-02-28T05:12:51 IST" name="testPushAndPop" finished-at="2025-02-28T05:12:51 IST" duration-ms="1" status="PASS">
          <reporter-output>
          </reporter-output>
        </test-method> <!-- testPushAndPop -->
        <test-method signature="testSize()[pri:0, instance:algocrate.dataStructures.StackTest@649bec2e]" started-at="2025-02-28T05:12:51 IST" name="testSize" finished-at="2025-02-28T05:12:51 IST" duration-ms="1" status="PASS">
          <reporter-output>
          </reporter-output>
        </test-method> <!-- testSize -->
        <test-method signature="testToString()[pri:0, instance:algocrate.dataStructures.StackTest@649bec2e]" started-at="2025-02-28T05:12:51 IST" name="testToString" finished-at="2025-02-28T05:12:51 IST" duration-ms="1" status="PASS">
          <reporter-output>
          </reporter-output>
        </test-method> <!-- testToString -->
      </class> <!-- algocrate.dataStructures.StackTest -->
    </test> <!-- Default test -->
  </suite> <!-- Default suite -->
</testng-results>
